<?xml version='1.0' encoding='UTF-8'?>
<result plugin="junit@1.2-beta-3">
  <suites>
    <suite>
      <file>C:\Training\jenkins\workspace\Maven TP PIC\resanet-model\target\surefire-reports\TEST-com.zenika.formation.PersonTest.xml</file>
      <name>com.zenika.formation.PersonTest</name>
      <duration>0.017</duration>
      <cases>
        <case>
          <duration>0.017</duration>
          <className>com.zenika.formation.PersonTest</className>
          <testName>test1</testName>
          <skipped>false</skipped>
          <failedSince>0</failedSince>
        </case>
      </cases>
    </suite>
  </suites>
  <duration>0.017</duration>
  <keepLongStdio>false</keepLongStdio>
</result>