<?xml version='1.0' encoding='UTF-8'?>
<result plugin="junit@1.2-beta-3">
  <suites>
    <suite>
      <file>C:\Training\jenkins\workspace\Maven TP PIC\resanet-web\target\failsafe-reports\TEST-selenium.tests.SeleniumTest.xml</file>
      <name>selenium.tests.SeleniumTest</name>
      <duration>2.576</duration>
      <cases>
        <case>
          <duration>2.576</duration>
          <className>selenium.tests.SeleniumTest</className>
          <testName>testHome</testName>
          <skipped>false</skipped>
          <failedSince>0</failedSince>
        </case>
      </cases>
    </suite>
  </suites>
  <duration>2.576</duration>
  <keepLongStdio>false</keepLongStdio>
</result>